==86== Memcheck, a memory error detector
==86== Copyright (C) 2002-2017, and GNU GPL'd, by Julian Seward et al.
==86== Using Valgrind-3.15.0 and LibVEX; rerun with -h for copyright info
==86== Command: ./bin/main
==86== 
==86== error calling PR_SET_PTRACER, vgdb might block
==86== 
==86== Process terminating with default action of signal 2 (SIGINT)
==86==    at 0x4965FD2: read (read.c:26)
==86==    by 0x48E8B9E: _IO_file_underflow@@GLIBC_2.2.5 (fileops.c:517)
==86==    by 0x48E9F85: _IO_default_uflow (genops.c:362)
==86==    by 0x1094AC: main (main.c:16)
==86== 
==86== HEAP SUMMARY:
==86==     in use at exit: 0 bytes in 0 blocks
==86==   total heap usage: 2 allocs, 2 frees, 8,192 bytes allocated
==86== 
==86== All heap blocks were freed -- no leaks are possible
==86== 
==86== For lists of detected and suppressed errors, rerun with: -s
==86== ERROR SUMMARY: 0 errors from 0 contexts (suppressed: 0 from 0)
