==211== Memcheck, a memory error detector
==211== Copyright (C) 2002-2017, and GNU GPL'd, by Julian Seward et al.
==211== Using Valgrind-3.15.0 and LibVEX; rerun with -h for copyright info
==211== Command: ./bin/main
==211== 
==211== error calling PR_SET_PTRACER, vgdb might block
==211== 
==211== Process terminating with default action of signal 2 (SIGINT)
==211==    at 0x4965FD2: read (read.c:26)
==211==    by 0x48E8B9E: _IO_file_underflow@@GLIBC_2.2.5 (fileops.c:517)
==211==    by 0x48E9F85: _IO_default_uflow (genops.c:362)
==211==    by 0x48BC27F: __vfscanf_internal (vfscanf-internal.c:627)
==211==    by 0x48BB161: __isoc99_scanf (isoc99_scanf.c:30)
==211==    by 0x10A1C8: adminMenu (admin.c:80)
==211==    by 0x10A0E7: checkAdmin (admin.c:58)
==211==    by 0x109541: main (main.c:35)
==211== 
==211== HEAP SUMMARY:
==211==     in use at exit: 20 bytes in 2 blocks
==211==   total heap usage: 4 allocs, 2 frees, 8,212 bytes allocated
==211== 
==211== LEAK SUMMARY:
==211==    definitely lost: 0 bytes in 0 blocks
==211==    indirectly lost: 0 bytes in 0 blocks
==211==      possibly lost: 0 bytes in 0 blocks
==211==    still reachable: 20 bytes in 2 blocks
==211==         suppressed: 0 bytes in 0 blocks
==211== Rerun with --leak-check=full to see details of leaked memory
==211== 
==211== For lists of detected and suppressed errors, rerun with: -s
==211== ERROR SUMMARY: 0 errors from 0 contexts (suppressed: 0 from 0)
